<?xml version="1.0" encoding="UTF-8"?>
<!-- Generated by org.testng.reporters.JUnitReportReporter -->
<testsuite skipped="0" hostname="DESKTOP-C6DM1BR" name="com.crm.comcast.organizationtest.TCreateORganizationWithIndustries" tests="1" failures="0" timestamp="2021-05-27T18:01:05 IST" time="52.044" errors="0">
  <testcase name="createOrhWithIndustried" time="52.044" classname="com.crm.comcast.organizationtest.TCreateORganizationWithIndustries"/>
  <system-out/>
</testsuite> <!-- com.crm.comcast.organizationtest.TCreateORganizationWithIndustries -->
